
09-21:17:33:16
pretag:[2, 2, 1, 1, 1, 2, 1, 1, 1, 2, 1, 2, 2, 2, 2, 1, 1, 1, 2, 1]
y_pred: [1 1 0 0 0 1 0 0 0 1 0 1 1 1 1 0 0 0 1 0]
inputtag:[2, 2, 1, 1, 1, 1, 1, 1, 1, 2, 1, 2, 2, 2, 2, 1, 1, 1, 2, 1]
y_input: [1 1 0 0 0 0 0 0 0 1 0 1 1 1 1 0 0 0 1 0]
09-21:17:37:29
pretag:[2, 1, 2, 2, 2, 1, 2, 1, 2, 1, 1, 1, 1, 1, 2, 2, 2, 2, 1, 2]
y_pred: [1 0 1 1 1 0 1 0 1 0 0 0 0 0 1 1 1 1 0 1]
inputtag:[1, 1, 2, 2, 2, 1, 2, 3, 2, 1, 1, 1, 1, 1, 2, 2, 2, 2, 1, 2]
y_input: [0 0 1 1 1 0 1 2 1 0 0 0 0 0 1 1 1 1 0 1]
09-21:17:41:20
pretag:[1, 1, 2, 2, 1, 1, 1, 1, 2, 1, 2, 1, 1, 2, 2, 1, 1, 2, 2, 2]
y_pred: [0 0 1 1 0 0 0 0 1 0 1 0 0 1 1 0 0 1 1 1]
inputtag:[1, 1, 2, 3, 1, 1, 1, 1, 2, 1, 2, 1, 1, 1, 2, 3, 1, 2, 2, 2]
y_input: [0 0 1 2 0 0 0 0 1 0 1 0 0 0 1 2 0 1 1 1]
09-21:17:45:11
pretag:[1, 1, 1, 1, 1, 1, 2, 1, 2, 3, 1, 2, 1, 2, 2, 2, 2, 2, 2, 2]
y_pred: [0 0 0 0 0 0 1 0 1 2 0 1 0 1 1 1 1 1 1 1]
inputtag:[1, 1, 1, 1, 1, 1, 2, 1, 2, 1, 1, 2, 1, 2, 3, 2, 1, 2, 2, 2]
y_input: [0 0 0 0 0 0 1 0 1 0 0 1 0 1 2 1 0 1 1 1]
09-21:17:49:01
pretag:[2, 1, 1, 1, 1, 1, 1, 2, 1, 1, 2, 2, 1, 2, 3, 1, 1, 1, 2, 2]
y_pred: [1 0 0 0 0 0 0 1 0 0 1 1 0 1 2 0 0 0 1 1]
inputtag:[2, 1, 1, 1, 1, 1, 3, 2, 1, 1, 2, 2, 1, 2, 3, 1, 1, 1, 2, 2]
y_input: [1 0 0 0 0 0 2 1 0 0 1 1 0 1 2 0 0 0 1 1]
09-21:17:52:53
pretag:[1, 1, 2, 1, 1, 3, 1, 2, 2, 2, 1, 2, 2, 2, 1, 2, 1, 1, 2, 2]
y_pred: [0 0 1 0 0 2 0 1 1 1 0 1 1 1 0 1 0 0 1 1]
inputtag:[1, 1, 2, 1, 1, 3, 1, 2, 3, 2, 1, 2, 2, 2, 1, 2, 1, 1, 2, 2]
y_input: [0 0 1 0 0 2 0 1 2 1 0 1 1 1 0 1 0 0 1 1]
09-21:17:56:44
pretag:[2, 3, 1, 1, 1, 2, 2, 2, 2, 2, 1, 2, 2, 3, 3, 1, 1, 2, 2, 3]
y_pred: [1 2 0 0 0 1 1 1 1 1 0 1 1 2 2 0 0 1 1 2]
inputtag:[2, 3, 1, 1, 1, 2, 2, 2, 2, 3, 1, 2, 2, 3, 3, 1, 2, 2, 2, 3]
y_input: [1 2 0 0 0 1 1 1 1 2 0 1 1 2 2 0 1 1 1 2]
09-21:18:00:36
pretag:[1, 1, 1, 3, 2, 2, 1, 2, 2, 1, 1, 1, 1, 2, 1, 1, 2, 1, 2, 1]
y_pred: [0 0 0 2 1 1 0 1 1 0 0 0 0 1 0 0 1 0 1 0]
inputtag:[1, 1, 1, 3, 2, 2, 1, 2, 2, 1, 1, 3, 3, 2, 1, 1, 2, 1, 2, 1]
y_input: [0 0 0 2 1 1 0 1 1 0 0 2 2 1 0 0 1 0 1 0]
09-21:18:04:27
pretag:[1, 2, 3, 3, 3, 1, 2, 1, 1, 1, 2, 1, 1, 2, 2, 1, 1, 3, 2, 2]
y_pred: [0 1 2 2 2 0 1 0 0 0 1 0 0 1 1 0 0 2 1 1]
inputtag:[1, 2, 3, 3, 3, 1, 2, 1, 1, 1, 1, 1, 1, 2, 2, 1, 1, 3, 2, 2]
y_input: [0 1 2 2 2 0 1 0 0 0 0 0 0 1 1 0 0 2 1 1]
09-21:18:08:18
pretag:[3, 2, 2, 1, 1, 1, 2, 2, 1, 1, 2, 1, 2, 3, 2, 1, 2, 2, 2, 2]
y_pred: [2 1 1 0 0 0 1 1 0 0 1 0 1 2 1 0 1 1 1 1]
inputtag:[3, 2, 2, 1, 1, 1, 3, 2, 1, 1, 2, 1, 2, 3, 2, 1, 2, 2, 2, 2]
y_input: [2 1 1 0 0 0 2 1 0 0 1 0 1 2 1 0 1 1 1 1]
09-21:18:13:13
pretag:[2, 2, 1, 2, 1, 2, 2, 2, 1, 3, 1, 1, 2, 1, 1, 3, 1, 2, 1, 3]
y_pred: [1 1 0 1 0 1 1 1 0 2 0 0 1 0 0 2 0 1 0 2]
inputtag:[2, 2, 1, 2, 1, 2, 2, 2, 1, 3, 1, 1, 2, 1, 1, 3, 1, 2, 1, 3]
y_input: [1 1 0 1 0 1 1 1 0 2 0 0 1 0 0 2 0 1 0 2]
09-21:18:17:04
pretag:[1, 2, 1, 2, 1, 2, 1, 1, 1, 1, 1, 2, 2, 1, 1, 2, 2, 2, 1, 1]
y_pred: [0 1 0 1 0 1 0 0 0 0 0 1 1 0 0 1 1 1 0 0]
inputtag:[1, 2, 1, 2, 1, 1, 1, 1, 1, 1, 1, 2, 2, 1, 1, 2, 2, 2, 1, 1]
y_input: [0 1 0 1 0 0 0 0 0 0 0 1 1 0 0 1 1 1 0 0]
09-21:18:20:55
pretag:[1, 2, 2, 2, 1, 1, 2, 1, 2, 2, 2, 1, 1, 2, 1, 2, 3, 3, 2, 3]
y_pred: [0 1 1 1 0 0 1 0 1 1 1 0 0 1 0 1 2 2 1 2]
inputtag:[1, 2, 2, 2, 1, 1, 2, 1, 2, 2, 2, 1, 1, 2, 1, 2, 3, 3, 2, 3]
y_input: [0 1 1 1 0 0 1 0 1 1 1 0 0 1 0 1 2 2 1 2]
09-21:18:24:47
pretag:[2, 1, 2, 1, 1, 2, 2, 1, 1, 2, 2, 2, 2, 3, 3, 2, 1, 2, 2, 1]
y_pred: [1 0 1 0 0 1 1 0 0 1 1 1 1 2 2 1 0 1 1 0]
inputtag:[2, 1, 2, 1, 1, 2, 2, 1, 1, 2, 2, 2, 2, 3, 3, 2, 1, 1, 1, 1]
y_input: [1 0 1 0 0 1 1 0 0 1 1 1 1 2 2 1 0 0 0 0]
09-21:18:28:38
pretag:[3, 2, 1, 2, 2, 2, 1, 2, 2, 3, 1, 1, 1, 1, 2, 1, 1, 1, 1, 1]
y_pred: [2 1 0 1 1 1 0 1 1 2 0 0 0 0 1 0 0 0 0 0]
inputtag:[3, 2, 1, 2, 2, 2, 1, 2, 2, 3, 1, 1, 1, 1, 2, 1, 1, 1, 1, 1]
y_input: [2 1 0 1 1 1 0 1 1 2 0 0 0 0 1 0 0 0 0 0]
09-21:18:32:29
pretag:[1, 3, 3, 2, 2, 2, 2, 2, 3, 3, 2, 2, 1, 1, 1, 2, 2, 1, 1, 2]
y_pred: [0 2 2 1 1 1 1 1 2 2 1 1 0 0 0 1 1 0 0 1]
inputtag:[1, 3, 3, 2, 2, 2, 1, 2, 2, 3, 2, 2, 1, 1, 1, 2, 2, 1, 1, 2]
y_input: [0 2 2 1 1 1 0 1 1 2 1 1 0 0 0 1 1 0 0 1]
09-21:18:36:19
pretag:[3, 3, 1, 2, 3, 2, 1, 2, 2, 1, 2, 1, 1, 1, 1, 2, 1, 1, 2, 1]
y_pred: [2 2 0 1 2 1 0 1 1 0 1 0 0 0 0 1 0 0 1 0]
inputtag:[3, 3, 1, 2, 3, 2, 1, 2, 2, 1, 2, 1, 1, 1, 1, 2, 1, 1, 2, 1]
y_input: [2 2 0 1 2 1 0 1 1 0 1 0 0 0 0 1 0 0 1 0]
09-21:18:40:10
pretag:[2, 1, 2, 1, 2, 1, 2, 1, 1, 1, 1, 1, 1, 2, 1, 2, 1, 1, 2, 3]
y_pred: [1 0 1 0 1 0 1 0 0 0 0 0 0 1 0 1 0 0 1 2]
inputtag:[2, 1, 2, 1, 2, 1, 2, 1, 1, 1, 1, 1, 1, 2, 1, 2, 1, 1, 2, 3]
y_input: [1 0 1 0 1 0 1 0 0 0 0 0 0 1 0 1 0 0 1 2]
09-21:18:44:01
pretag:[2, 2, 1, 1, 2, 1, 2, 2, 2, 3, 1, 1, 1, 2, 1, 3, 1, 2, 1, 1]
y_pred: [1 1 0 0 1 0 1 1 1 2 0 0 0 1 0 2 0 1 0 0]
inputtag:[2, 2, 1, 1, 2, 1, 2, 2, 2, 3, 1, 1, 1, 2, 1, 3, 1, 2, 1, 1]
y_input: [1 1 0 0 1 0 1 1 1 2 0 0 0 1 0 2 0 1 0 0]
09-21:18:47:52
pretag:[3, 1, 1, 1, 3, 1, 2, 2, 2, 1, 1, 1, 1, 1, 2, 2, 1, 2, 2, 1]
y_pred: [2 0 0 0 2 0 1 1 1 0 0 0 0 0 1 1 0 1 1 0]
inputtag:[3, 1, 3, 1, 3, 1, 2, 2, 2, 1, 1, 1, 1, 1, 2, 2, 1, 2, 2, 1]
y_input: [2 0 2 0 2 0 1 1 1 0 0 0 0 0 1 1 0 1 1 0]
09-21:18:52:47
pretag:[1, 1, 1, 3, 1, 2, 2, 1, 1, 1, 1, 1, 1, 1, 3, 1, 1, 3, 1, 2]
y_pred: [0 0 0 2 0 1 1 0 0 0 0 0 0 0 2 0 0 2 0 1]
inputtag:[1, 1, 1, 3, 1, 2, 2, 1, 1, 1, 1, 1, 1, 1, 3, 1, 1, 3, 1, 2]
y_input: [0 0 0 2 0 1 1 0 0 0 0 0 0 0 2 0 0 2 0 1]
09-21:18:56:38
pretag:[1, 1, 3, 2, 2, 3, 2, 2, 2, 2, 2, 2, 2, 3, 2, 2, 2, 1, 1, 2]
y_pred: [0 0 2 1 1 2 1 1 1 1 1 1 1 2 1 1 1 0 0 1]
inputtag:[1, 1, 3, 2, 2, 3, 2, 2, 2, 2, 2, 2, 2, 3, 2, 2, 2, 1, 1, 2]
y_input: [0 0 2 1 1 2 1 1 1 1 1 1 1 2 1 1 1 0 0 1]
09-21:19:00:29
pretag:[2, 2, 2, 2, 3, 1, 1, 2, 2, 3, 1, 1, 1, 1, 1, 1, 1, 2, 2, 1]
y_pred: [1 1 1 1 2 0 0 1 1 2 0 0 0 0 0 0 0 1 1 0]
inputtag:[2, 2, 2, 2, 3, 1, 1, 2, 2, 3, 1, 1, 1, 1, 1, 1, 1, 2, 2, 1]
y_input: [1 1 1 1 2 0 0 1 1 2 0 0 0 0 0 0 0 1 1 0]
09-21:19:04:21
pretag:[1, 1, 1, 1, 1, 2, 1, 1, 2, 1, 2, 2, 1, 1, 1, 2, 1, 1, 1, 1]
y_pred: [0 0 0 0 0 1 0 0 1 0 1 1 0 0 0 1 0 0 0 0]
inputtag:[1, 1, 1, 1, 1, 2, 1, 1, 2, 1, 2, 2, 1, 1, 1, 2, 1, 1, 1, 1]
y_input: [0 0 0 0 0 1 0 0 1 0 1 1 0 0 0 1 0 0 0 0]
09-21:19:08:13
pretag:[2, 1, 2, 1, 1, 1, 1, 1, 2, 1, 2, 1, 1, 2, 1, 3, 1, 1, 1, 2]
y_pred: [1 0 1 0 0 0 0 0 1 0 1 0 0 1 0 2 0 0 0 1]
inputtag:[2, 1, 2, 1, 1, 1, 1, 1, 2, 1, 2, 1, 1, 2, 1, 3, 1, 1, 1, 2]
y_input: [1 0 1 0 0 0 0 0 1 0 1 0 0 1 0 2 0 0 0 1]
09-21:19:12:05
pretag:[1, 3, 1, 1, 2, 2, 2, 1, 1, 3, 2, 3, 2, 1, 1, 1, 1, 1, 1, 3]
y_pred: [0 2 0 0 1 1 1 0 0 2 1 2 1 0 0 0 0 0 0 2]
inputtag:[1, 3, 1, 1, 2, 2, 2, 1, 1, 3, 2, 3, 2, 1, 1, 1, 1, 1, 1, 3]
y_input: [0 2 0 0 1 1 1 0 0 2 1 2 1 0 0 0 0 0 0 2]
09-21:19:15:57
pretag:[2, 2, 1, 1, 2, 2, 1, 1, 1, 2, 2, 1, 1, 2, 1, 1, 2, 2, 2, 1]
y_pred: [1 1 0 0 1 1 0 0 0 1 1 0 0 1 0 0 1 1 1 0]
inputtag:[2, 2, 1, 1, 2, 2, 1, 1, 1, 2, 2, 1, 1, 2, 3, 1, 2, 2, 3, 1]
y_input: [1 1 0 0 1 1 0 0 0 1 1 0 0 1 2 0 1 1 2 0]
09-21:19:19:49
pretag:[1, 3, 2, 1, 2, 2, 2, 1, 2, 2, 2, 2, 1, 1, 1, 1, 3, 1, 1, 2]
y_pred: [0 2 1 0 1 1 1 0 1 1 1 1 0 0 0 0 2 0 0 1]
inputtag:[1, 3, 2, 1, 2, 2, 2, 1, 2, 2, 2, 2, 1, 1, 1, 1, 3, 1, 1, 2]
y_input: [0 2 1 0 1 1 1 0 1 1 1 1 0 0 0 0 2 0 0 1]
09-21:19:23:40
pretag:[2, 2, 2, 1, 2, 2, 2, 1, 2, 1, 2, 3, 3, 2, 1, 3, 2, 2, 1, 1]
y_pred: [1 1 1 0 1 1 1 0 1 0 1 2 2 1 0 2 1 1 0 0]
inputtag:[2, 2, 3, 1, 2, 2, 2, 1, 2, 1, 2, 1, 3, 2, 1, 3, 2, 2, 1, 1]
y_input: [1 1 2 0 1 1 1 0 1 0 1 0 2 1 0 2 1 1 0 0]
09-21:19:27:32
pretag:[1, 2, 1, 2, 1, 3, 1, 2, 2, 1, 2, 2, 1, 2, 3, 1, 1, 1, 3, 2]
y_pred: [0 1 0 1 0 2 0 1 1 0 1 1 0 1 2 0 0 0 2 1]
inputtag:[1, 2, 1, 2, 1, 3, 1, 2, 2, 1, 2, 2, 1, 3, 3, 1, 1, 1, 3, 2]
y_input: [0 1 0 1 0 2 0 1 1 0 1 1 0 2 2 0 0 0 2 1]
09-21:19:32:41
pretag:[2, 1, 1, 1, 1, 1, 2, 1, 1, 1, 1, 1, 1, 1, 2, 2, 2, 2, 3, 2]
y_pred: [1 0 0 0 0 0 1 0 0 0 0 0 0 0 1 1 1 1 2 1]
inputtag:[2, 1, 1, 1, 1, 1, 2, 1, 1, 1, 1, 1, 1, 1, 2, 2, 2, 2, 3, 2]
y_input: [1 0 0 0 0 0 1 0 0 0 0 0 0 0 1 1 1 1 2 1]
09-21:19:36:31
pretag:[2, 2, 3, 1, 3, 1, 1, 3, 1, 1, 1, 1, 2, 3, 2, 1, 1, 2, 1, 1]
y_pred: [1 1 2 0 2 0 0 2 0 0 0 0 1 2 1 0 0 1 0 0]
inputtag:[2, 2, 3, 1, 3, 1, 1, 3, 1, 1, 1, 1, 2, 3, 2, 1, 1, 2, 1, 1]
y_input: [1 1 2 0 2 0 0 2 0 0 0 0 1 2 1 0 0 1 0 0]
09-21:19:40:23
pretag:[3, 2, 2, 1, 1, 2, 1, 1, 1, 3, 2, 1, 1, 1, 1, 1, 3, 3, 1, 1]
y_pred: [2 1 1 0 0 1 0 0 0 2 1 0 0 0 0 0 2 2 0 0]
inputtag:[3, 2, 2, 1, 1, 2, 1, 1, 1, 3, 2, 1, 1, 1, 1, 1, 3, 3, 1, 1]
y_input: [2 1 1 0 0 1 0 0 0 2 1 0 0 0 0 0 2 2 0 0]
09-21:19:44:15
pretag:[1, 1, 3, 2, 1, 2, 1, 2, 1, 1, 2, 1, 2, 2, 2, 1, 2, 1, 1, 1]
y_pred: [0 0 2 1 0 1 0 1 0 0 1 0 1 1 1 0 1 0 0 0]
inputtag:[1, 1, 3, 2, 1, 2, 1, 2, 1, 1, 2, 1, 2, 2, 2, 1, 2, 1, 1, 1]
y_input: [0 0 2 1 0 1 0 1 0 0 1 0 1 1 1 0 1 0 0 0]
09-21:19:48:06
pretag:[1, 1, 3, 1, 1, 1, 1, 1, 2, 1, 1, 1, 2, 1, 1, 1, 1, 1, 3, 1]
y_pred: [0 0 2 0 0 0 0 0 1 0 0 0 1 0 0 0 0 0 2 0]
inputtag:[1, 1, 3, 1, 1, 1, 1, 1, 2, 1, 1, 1, 2, 1, 1, 1, 1, 1, 3, 1]
y_input: [0 0 2 0 0 0 0 0 1 0 0 0 1 0 0 0 0 0 2 0]
09-21:19:51:58
pretag:[2, 3, 1, 3, 1, 1, 3, 1, 2, 1, 1, 1, 2, 2, 1, 2, 1, 1, 1, 2]
y_pred: [1 2 0 2 0 0 2 0 1 0 0 0 1 1 0 1 0 0 0 1]
inputtag:[2, 3, 1, 3, 1, 1, 3, 1, 2, 1, 1, 1, 2, 2, 1, 2, 1, 1, 1, 2]
y_input: [1 2 0 2 0 0 2 0 1 0 0 0 1 1 0 1 0 0 0 1]
09-21:19:55:49
pretag:[2, 3, 1, 1, 1, 1, 3, 2, 2, 1, 3, 1, 1, 1, 1, 2, 2, 1, 1, 2]
y_pred: [1 2 0 0 0 0 2 1 1 0 2 0 0 0 0 1 1 0 0 1]
inputtag:[2, 3, 1, 1, 1, 1, 3, 2, 2, 1, 3, 1, 1, 1, 1, 2, 2, 1, 1, 2]
y_input: [1 2 0 0 0 0 2 1 1 0 2 0 0 0 0 1 1 0 0 1]
09-21:19:59:41
pretag:[2, 1, 3, 1, 1, 1, 1, 1, 1, 1, 3, 3, 1, 2, 1, 1, 1, 1, 2, 1]
y_pred: [1 0 2 0 0 0 0 0 0 0 2 2 0 1 0 0 0 0 1 0]
inputtag:[2, 1, 3, 1, 1, 1, 1, 1, 1, 1, 3, 3, 1, 2, 1, 1, 1, 1, 2, 1]
y_input: [1 0 2 0 0 0 0 0 0 0 2 2 0 1 0 0 0 0 1 0]
09-21:20:03:32
pretag:[1, 1, 3, 1, 3, 1, 2, 3, 2, 3, 1, 2, 3, 1, 2, 1, 2, 1, 2, 2]
y_pred: [0 0 2 0 2 0 1 2 1 2 0 1 2 0 1 0 1 0 1 1]
inputtag:[1, 1, 3, 1, 3, 1, 2, 3, 2, 3, 1, 2, 3, 1, 2, 1, 2, 1, 2, 2]
y_input: [0 0 2 0 2 0 1 2 1 2 0 1 2 0 1 0 1 0 1 1]
09-21:20:07:23
pretag:[1, 2, 1, 1, 3, 1, 3, 2, 1, 2, 3, 2, 1, 2, 1, 2, 1, 2, 2, 2]
y_pred: [0 1 0 0 2 0 2 1 0 1 2 1 0 1 0 1 0 1 1 1]
inputtag:[1, 2, 1, 1, 3, 1, 3, 2, 1, 2, 3, 2, 1, 2, 1, 2, 1, 2, 2, 2]
y_input: [0 1 0 0 2 0 2 1 0 1 2 1 0 1 0 1 0 1 1 1]
09-21:20:12:18
pretag:[2, 1, 3, 2, 1, 2, 1, 1, 1, 1, 2, 1, 2, 1, 1, 1, 1, 1, 2, 3]
y_pred: [1 0 2 1 0 1 0 0 0 0 1 0 1 0 0 0 0 0 1 2]
inputtag:[2, 1, 3, 2, 1, 2, 1, 1, 1, 1, 2, 1, 2, 1, 1, 1, 1, 1, 2, 3]
y_input: [1 0 2 1 0 1 0 0 0 0 1 0 1 0 0 0 0 0 1 2]
09-21:20:16:09
pretag:[2, 3, 1, 1, 1, 2, 1, 1, 1, 1, 1, 2, 2, 2, 1, 1, 1, 2, 2, 3]
y_pred: [1 2 0 0 0 1 0 0 0 0 0 1 1 1 0 0 0 1 1 2]
inputtag:[2, 3, 1, 1, 1, 2, 1, 1, 1, 1, 1, 2, 2, 2, 1, 1, 1, 2, 2, 3]
y_input: [1 2 0 0 0 1 0 0 0 0 0 1 1 1 0 0 0 1 1 2]
09-21:20:20:01
pretag:[2, 3, 1, 3, 1, 1, 1, 1, 2, 1, 3, 1, 2, 2, 2, 1, 2, 1, 1, 2]
y_pred: [1 2 0 2 0 0 0 0 1 0 2 0 1 1 1 0 1 0 0 1]
inputtag:[2, 3, 1, 3, 1, 1, 1, 1, 2, 1, 3, 1, 2, 2, 2, 1, 2, 1, 1, 2]
y_input: [1 2 0 2 0 0 0 0 1 0 2 0 1 1 1 0 1 0 0 1]
09-21:20:23:52
pretag:[1, 2, 1, 1, 2, 2, 1, 3, 2, 3, 1, 1, 1, 1, 1, 2, 3, 2, 2, 2]
y_pred: [0 1 0 0 1 1 0 2 1 2 0 0 0 0 0 1 2 1 1 1]
inputtag:[1, 2, 1, 1, 2, 2, 1, 3, 2, 3, 1, 1, 1, 1, 1, 2, 3, 2, 2, 2]
y_input: [0 1 0 0 1 1 0 2 1 2 0 0 0 0 0 1 2 1 1 1]
09-21:20:27:43
pretag:[1, 2, 1, 2, 1, 3, 1, 1, 3, 2, 1, 1, 1, 1, 1, 1, 3, 1, 2, 2]
y_pred: [0 1 0 1 0 2 0 0 2 1 0 0 0 0 0 0 2 0 1 1]
inputtag:[1, 2, 1, 2, 1, 3, 1, 1, 3, 2, 1, 1, 1, 1, 1, 1, 3, 1, 2, 2]
y_input: [0 1 0 1 0 2 0 0 2 1 0 0 0 0 0 0 2 0 1 1]
09-21:20:31:34
pretag:[2, 1, 1, 3, 2, 1, 2, 1, 1, 3, 1, 2, 2, 2, 1, 1, 1, 2, 2, 1]
y_pred: [1 0 0 2 1 0 1 0 0 2 0 1 1 1 0 0 0 1 1 0]
inputtag:[2, 1, 1, 3, 2, 1, 2, 1, 1, 3, 1, 2, 2, 2, 1, 1, 1, 2, 2, 1]
y_input: [1 0 0 2 1 0 1 0 0 2 0 1 1 1 0 0 0 1 1 0]
09-21:20:35:25
pretag:[1, 2, 1, 2, 2, 3, 2, 1, 2, 1, 1, 1, 1, 1, 2, 2, 2, 1, 2, 1]
y_pred: [0 1 0 1 1 2 1 0 1 0 0 0 0 0 1 1 1 0 1 0]
inputtag:[1, 2, 1, 2, 2, 3, 2, 1, 2, 2, 1, 1, 1, 1, 2, 2, 2, 1, 2, 1]
y_input: [0 1 0 1 1 2 1 0 1 1 0 0 0 0 1 1 1 0 1 0]
09-21:20:39:17
pretag:[1, 2, 1, 1, 1, 1, 1, 3, 3, 2, 1, 2, 1, 2, 3, 3, 1, 1, 1, 1]
y_pred: [0 1 0 0 0 0 0 2 2 1 0 1 0 1 2 2 0 0 0 0]
inputtag:[1, 2, 1, 1, 1, 1, 1, 3, 3, 2, 1, 2, 1, 2, 3, 3, 1, 1, 1, 1]
y_input: [0 1 0 0 0 0 0 2 2 1 0 1 0 1 2 2 0 0 0 0]
09-21:20:43:08
pretag:[1, 3, 2, 2, 1, 1, 2, 2, 1, 1, 2, 1, 1, 2, 2, 2, 1, 2, 2, 2]
y_pred: [0 2 1 1 0 0 1 1 0 0 1 0 0 1 1 1 0 1 1 1]
inputtag:[1, 3, 2, 2, 1, 1, 2, 2, 1, 1, 2, 1, 1, 2, 2, 2, 1, 2, 2, 2]
y_input: [0 2 1 1 0 0 1 1 0 0 1 0 0 1 1 1 0 1 1 1]
09-21:20:46:58
pretag:[1, 1, 1, 1, 1, 1, 1, 2, 2, 1, 2, 1, 2, 2, 3, 1, 1, 2, 1, 2]
y_pred: [0 0 0 0 0 0 0 1 1 0 1 0 1 1 2 0 0 1 0 1]
inputtag:[1, 1, 1, 1, 1, 1, 1, 2, 2, 1, 2, 1, 2, 2, 3, 1, 1, 2, 1, 2]
y_input: [0 0 0 0 0 0 0 1 1 0 1 0 1 1 2 0 0 1 0 1]
09-21:20:51:52
pretag:[2, 1, 2, 1, 2, 1, 2, 2, 1, 1, 2, 2, 1, 1, 1, 3, 1, 2, 1, 1]
y_pred: [1 0 1 0 1 0 1 1 0 0 1 1 0 0 0 2 0 1 0 0]
inputtag:[2, 1, 2, 1, 2, 1, 2, 2, 1, 1, 2, 2, 1, 1, 1, 3, 1, 2, 1, 1]
y_input: [1 0 1 0 1 0 1 1 0 0 1 1 0 0 0 2 0 1 0 0]
09-21:20:55:44
pretag:[1, 1, 1, 2, 1, 1, 2, 2, 1, 3, 2, 1, 1, 3, 1, 1, 1, 2, 1, 3]
y_pred: [0 0 0 1 0 0 1 1 0 2 1 0 0 2 0 0 0 1 0 2]
inputtag:[1, 1, 1, 2, 1, 1, 2, 2, 1, 3, 2, 1, 1, 3, 1, 1, 1, 2, 1, 3]
y_input: [0 0 0 1 0 0 1 1 0 2 1 0 0 2 0 0 0 1 0 2]
09-21:20:59:35
pretag:[1, 3, 1, 3, 1, 1, 1, 1, 3, 2, 1, 2, 1, 3, 1, 1, 1, 1, 1, 3]
y_pred: [0 2 0 2 0 0 0 0 2 1 0 1 0 2 0 0 0 0 0 2]
inputtag:[1, 3, 1, 3, 1, 1, 1, 1, 3, 2, 1, 2, 1, 3, 1, 1, 1, 1, 1, 3]
y_input: [0 2 0 2 0 0 0 0 2 1 0 1 0 2 0 0 0 0 0 2]
09-21:21:03:26
pretag:[1, 1, 3, 2, 1, 1, 1, 1, 2, 1, 2, 1, 3, 2, 1, 1, 2, 1, 1, 1]
y_pred: [0 0 2 1 0 0 0 0 1 0 1 0 2 1 0 0 1 0 0 0]
inputtag:[1, 1, 3, 2, 1, 1, 1, 1, 2, 1, 2, 1, 3, 2, 1, 1, 2, 1, 1, 3]
y_input: [0 0 2 1 0 0 0 0 1 0 1 0 2 1 0 0 1 0 0 2]
09-21:21:07:17
pretag:[1, 2, 2, 1, 3, 2, 2, 2, 1, 2, 1, 1, 1, 1, 1, 2, 1, 3, 2, 1]
y_pred: [0 1 1 0 2 1 1 1 0 1 0 0 0 0 0 1 0 2 1 0]
inputtag:[1, 2, 2, 1, 3, 2, 2, 2, 1, 2, 1, 1, 1, 1, 1, 2, 1, 3, 2, 1]
y_input: [0 1 1 0 2 1 1 1 0 1 0 0 0 0 0 1 0 2 1 0]
09-21:21:11:08
pretag:[1, 2, 3, 2, 2, 1, 1, 1, 2, 1, 1, 1, 1, 2, 1, 1, 1, 1, 1, 2]
y_pred: [0 1 2 1 1 0 0 0 1 0 0 0 0 1 0 0 0 0 0 1]
inputtag:[1, 2, 2, 2, 2, 1, 1, 1, 2, 1, 1, 1, 1, 2, 1, 1, 1, 1, 1, 2]
y_input: [0 1 1 1 1 0 0 0 1 0 0 0 0 1 0 0 0 0 0 1]
09-21:21:14:59
pretag:[2, 1, 2, 3, 1, 1, 1, 2, 2, 3, 1, 3, 1, 1, 1, 2, 2, 1, 2, 3]
y_pred: [1 0 1 2 0 0 0 1 1 2 0 2 0 0 0 1 1 0 1 2]
inputtag:[2, 1, 2, 3, 1, 1, 1, 2, 2, 3, 1, 3, 1, 1, 1, 2, 2, 1, 2, 3]
y_input: [1 0 1 2 0 0 0 1 1 2 0 2 0 0 0 1 1 0 1 2]
09-21:21:18:50
pretag:[1, 1, 1, 1, 2, 1, 3, 2, 2, 2, 2, 2, 3, 1, 1, 3, 3, 2, 1, 2]
y_pred: [0 0 0 0 1 0 2 1 1 1 1 1 2 0 0 2 2 1 0 1]
inputtag:[1, 1, 1, 1, 2, 1, 3, 2, 2, 2, 2, 2, 3, 1, 1, 3, 3, 2, 1, 2]
y_input: [0 0 0 0 1 0 2 1 1 1 1 1 2 0 0 2 2 1 0 1]
09-21:21:22:41
pretag:[1, 1, 1, 1, 2, 2, 1, 1, 1, 1, 1, 1, 1, 1, 1, 1, 1, 3, 1, 1]
y_pred: [0 0 0 0 1 1 0 0 0 0 0 0 0 0 0 0 0 2 0 0]
inputtag:[1, 1, 1, 1, 2, 2, 1, 1, 1, 1, 1, 1, 1, 1, 1, 1, 1, 3, 1, 1]
y_input: [0 0 0 0 1 1 0 0 0 0 0 0 0 0 0 0 0 2 0 0]
09-21:21:26:32
pretag:[1, 1, 2, 2, 1, 2, 1, 2, 3, 1, 1, 2, 1, 3, 1, 2, 2, 1, 2, 2]
y_pred: [0 0 1 1 0 1 0 1 2 0 0 1 0 2 0 1 1 0 1 1]
inputtag:[1, 1, 2, 2, 1, 2, 1, 2, 3, 1, 1, 2, 1, 3, 1, 2, 2, 1, 2, 2]
y_input: [0 0 1 1 0 1 0 1 2 0 0 1 0 2 0 1 1 0 1 1]
09-21:21:31:35
pretag:[1, 1, 1, 3, 1, 3, 2, 2, 1, 2, 1, 1, 2, 3, 2, 1, 2, 2, 1, 1]
y_pred: [0 0 0 2 0 2 1 1 0 1 0 0 1 2 1 0 1 1 0 0]
inputtag:[1, 1, 1, 3, 1, 1, 2, 2, 1, 2, 1, 1, 2, 3, 2, 1, 2, 2, 1, 1]
y_input: [0 0 0 2 0 0 1 1 0 1 0 0 1 2 1 0 1 1 0 0]
09-21:21:35:27
pretag:[1, 2, 2, 2, 2, 1, 1, 1, 2, 1, 1, 3, 2, 3, 2, 2, 1, 1, 1, 1]
y_pred: [0 1 1 1 1 0 0 0 1 0 0 2 1 2 1 1 0 0 0 0]
inputtag:[1, 2, 2, 2, 2, 1, 1, 1, 2, 1, 1, 3, 2, 3, 2, 2, 1, 1, 1, 1]
y_input: [0 1 1 1 1 0 0 0 1 0 0 2 1 2 1 1 0 0 0 0]
09-21:21:39:19
pretag:[1, 2, 1, 1, 1, 2, 1, 2, 2, 1, 1, 3, 2, 3, 2, 1, 3, 2, 2, 1]
y_pred: [0 1 0 0 0 1 0 1 1 0 0 2 1 2 1 0 2 1 1 0]
inputtag:[1, 2, 1, 1, 1, 2, 1, 2, 2, 1, 1, 3, 2, 3, 2, 1, 3, 2, 2, 1]
y_input: [0 1 0 0 0 1 0 1 1 0 0 2 1 2 1 0 2 1 1 0]
09-21:21:43:10
pretag:[2, 1, 2, 2, 1, 1, 2, 1, 2, 1, 3, 2, 2, 2, 1, 1, 2, 1, 1, 2]
y_pred: [1 0 1 1 0 0 1 0 1 0 2 1 1 1 0 0 1 0 0 1]
inputtag:[2, 1, 2, 2, 1, 1, 2, 1, 2, 1, 3, 2, 1, 2, 1, 1, 2, 1, 1, 2]
y_input: [1 0 1 1 0 0 1 0 1 0 2 1 0 1 0 0 1 0 0 1]
09-21:21:47:02
pretag:[2, 1, 1, 2, 3, 1, 3, 1, 2, 1, 1, 3, 2, 2, 1, 2, 3, 2, 2, 1]
y_pred: [1 0 0 1 2 0 2 0 1 0 0 2 1 1 0 1 2 1 1 0]
inputtag:[2, 1, 1, 2, 3, 1, 3, 1, 2, 1, 1, 3, 2, 2, 1, 2, 3, 2, 2, 1]
y_input: [1 0 0 1 2 0 2 0 1 0 0 2 1 1 0 1 2 1 1 0]
09-21:21:50:52
pretag:[1, 2, 2, 1, 2, 1, 1, 1, 2, 1, 3, 1, 2, 2, 2, 1, 1, 2, 2, 2]
y_pred: [0 1 1 0 1 0 0 0 1 0 2 0 1 1 1 0 0 1 1 1]
inputtag:[1, 2, 2, 1, 2, 1, 1, 1, 2, 1, 3, 1, 2, 2, 2, 1, 1, 2, 2, 2]
y_input: [0 1 1 0 1 0 0 0 1 0 2 0 1 1 1 0 0 1 1 1]
09-21:21:54:43
pretag:[1, 1, 1, 1, 1, 2, 3, 2, 2, 1, 1, 2, 2, 1, 2, 3, 1, 2, 2, 1]
y_pred: [0 0 0 0 0 1 2 1 1 0 0 1 1 0 1 2 0 1 1 0]
inputtag:[1, 1, 1, 1, 1, 2, 3, 2, 2, 1, 1, 2, 2, 1, 2, 3, 1, 2, 2, 1]
y_input: [0 0 0 0 0 1 2 1 1 0 0 1 1 0 1 2 0 1 1 0]
09-21:21:58:35
pretag:[1, 3, 3, 2, 3, 2, 1, 2, 2, 1, 3, 2, 1, 1, 1, 2, 1, 1, 3, 1]
y_pred: [0 2 2 1 2 1 0 1 1 0 2 1 0 0 0 1 0 0 2 0]
inputtag:[1, 3, 3, 2, 3, 2, 1, 2, 2, 1, 3, 2, 1, 1, 1, 2, 1, 1, 3, 1]
y_input: [0 2 2 1 2 1 0 1 1 0 2 1 0 0 0 1 0 0 2 0]
09-21:22:02:26
pretag:[1, 2, 1, 2, 1, 1, 1, 1, 1, 2, 2, 1, 2, 3, 3, 1, 1, 2, 3, 2]
y_pred: [0 1 0 1 0 0 0 0 0 1 1 0 1 2 2 0 0 1 2 1]
inputtag:[1, 2, 1, 2, 1, 1, 1, 1, 1, 2, 2, 1, 2, 3, 3, 1, 1, 2, 3, 2]
y_input: [0 1 0 1 0 0 0 0 0 1 1 0 1 2 2 0 0 1 2 1]
09-21:22:06:18
pretag:[1, 2, 1, 1, 2, 1, 2, 1, 1, 2, 1, 1, 1, 1, 1, 1, 3, 3, 1, 3]
y_pred: [0 1 0 0 1 0 1 0 0 1 0 0 0 0 0 0 2 2 0 2]
inputtag:[1, 2, 1, 1, 2, 1, 2, 1, 1, 2, 1, 1, 1, 1, 1, 1, 3, 3, 1, 3]
y_input: [0 1 0 0 1 0 1 0 0 1 0 0 0 0 0 0 2 2 0 2]
09-21:22:11:12
pretag:[2, 1, 2, 1, 1, 1, 1, 3, 1, 2, 1, 1, 3, 1, 1, 1, 1, 3, 1, 2]
y_pred: [1 0 1 0 0 0 0 2 0 1 0 0 2 0 0 0 0 2 0 1]
inputtag:[2, 1, 2, 1, 1, 1, 1, 3, 1, 2, 1, 1, 3, 1, 1, 1, 1, 3, 1, 2]
y_input: [1 0 1 0 0 0 0 2 0 1 0 0 2 0 0 0 0 2 0 1]
09-21:22:15:03
pretag:[1, 1, 3, 2, 1, 1, 2, 1, 1, 1, 2, 1, 1, 1, 1, 1, 2, 2, 2, 1]
y_pred: [0 0 2 1 0 0 1 0 0 0 1 0 0 0 0 0 1 1 1 0]
inputtag:[1, 1, 3, 2, 1, 1, 2, 1, 1, 1, 2, 1, 1, 1, 1, 1, 2, 2, 2, 1]
y_input: [0 0 2 1 0 0 1 0 0 0 1 0 0 0 0 0 1 1 1 0]
09-21:22:18:54
pretag:[1, 1, 1, 2, 1, 3, 2, 3, 2, 1, 1, 1, 1, 1, 3, 1, 2, 2, 1, 2]
y_pred: [0 0 0 1 0 2 1 2 1 0 0 0 0 0 2 0 1 1 0 1]
inputtag:[1, 1, 1, 2, 1, 3, 2, 3, 2, 1, 1, 1, 1, 1, 3, 1, 2, 2, 1, 2]
y_input: [0 0 0 1 0 2 1 2 1 0 0 0 0 0 2 0 1 1 0 1]
09-21:22:22:45
pretag:[3, 1, 3, 1, 1, 2, 1, 3, 1, 1, 3, 1, 3, 1, 2, 3, 2, 2, 1, 2]
y_pred: [2 0 2 0 0 1 0 2 0 0 2 0 2 0 1 2 1 1 0 1]
inputtag:[3, 1, 3, 1, 1, 2, 1, 3, 1, 1, 3, 1, 3, 1, 2, 3, 2, 2, 1, 2]
y_input: [2 0 2 0 0 1 0 2 0 0 2 0 2 0 1 2 1 1 0 1]
09-21:22:26:37
pretag:[1, 1, 1, 1, 2, 1, 1, 1, 2, 1, 2, 1, 1, 2, 3, 1, 1, 1, 3, 2]
y_pred: [0 0 0 0 1 0 0 0 1 0 1 0 0 1 2 0 0 0 2 1]
inputtag:[1, 1, 1, 1, 2, 1, 1, 1, 2, 1, 2, 1, 1, 2, 3, 1, 1, 1, 3, 2]
y_input: [0 0 0 0 1 0 0 0 1 0 1 0 0 1 2 0 0 0 2 1]
09-21:22:30:28
pretag:[1, 2, 2, 2, 2, 1, 2, 1, 1, 2, 1, 1, 1, 1, 1, 1, 1, 1, 1, 1]
y_pred: [0 1 1 1 1 0 1 0 0 1 0 0 0 0 0 0 0 0 0 0]
inputtag:[1, 2, 2, 2, 2, 1, 2, 1, 1, 2, 2, 1, 1, 1, 1, 1, 1, 1, 1, 1]
y_input: [0 1 1 1 1 0 1 0 0 1 1 0 0 0 0 0 0 0 0 0]
09-21:22:34:19
pretag:[1, 1, 1, 1, 2, 1, 2, 2, 2, 1, 2, 2, 2, 2, 1, 2, 1, 2, 3, 3]
y_pred: [0 0 0 0 1 0 1 1 1 0 1 1 1 1 0 1 0 1 2 2]
inputtag:[1, 1, 1, 1, 2, 1, 2, 2, 2, 1, 2, 2, 2, 3, 1, 2, 1, 2, 3, 3]
y_input: [0 0 0 0 1 0 1 1 1 0 1 1 1 2 0 1 0 1 2 2]
09-21:22:38:11
pretag:[3, 1, 2, 2, 3, 1, 1, 2, 1, 2, 3, 1, 2, 1, 2, 1, 2, 1, 1, 2]
y_pred: [2 0 1 1 2 0 0 1 0 1 2 0 1 0 1 0 1 0 0 1]
inputtag:[3, 1, 2, 2, 3, 1, 1, 2, 1, 2, 3, 1, 2, 1, 2, 1, 2, 1, 1, 2]
y_input: [2 0 1 1 2 0 0 1 0 1 2 0 1 0 1 0 1 0 0 1]
09-21:22:42:02
pretag:[1, 2, 1, 2, 2, 2, 1, 2, 2, 1, 2, 2, 1, 1, 3, 2, 2, 1, 3, 3]
y_pred: [0 1 0 1 1 1 0 1 1 0 1 1 0 0 2 1 1 0 2 2]
inputtag:[1, 2, 1, 2, 2, 2, 1, 2, 2, 1, 2, 2, 1, 1, 3, 2, 2, 1, 3, 3]
y_input: [0 1 0 1 1 1 0 1 1 0 1 1 0 0 2 1 1 0 2 2]
09-21:22:45:54
pretag:[3, 1, 1, 1, 2, 2, 1, 1, 1, 1, 2, 2, 2, 2, 1, 1, 1, 1, 2, 1]
y_pred: [2 0 0 0 1 1 0 0 0 0 1 1 1 1 0 0 0 0 1 0]
inputtag:[3, 1, 1, 1, 2, 2, 1, 1, 1, 1, 2, 2, 2, 2, 1, 1, 1, 1, 2, 1]
y_input: [2 0 0 0 1 1 0 0 0 0 1 1 1 1 0 0 0 0 1 0]
09-21:22:50:48
pretag:[2, 2, 2, 2, 1, 1, 1, 1, 1, 2, 2, 1, 2, 2, 1, 3, 2, 1, 1, 1]
y_pred: [1 1 1 1 0 0 0 0 0 1 1 0 1 1 0 2 1 0 0 0]
inputtag:[2, 2, 2, 2, 1, 1, 1, 1, 1, 2, 2, 1, 2, 2, 1, 3, 2, 1, 1, 1]
y_input: [1 1 1 1 0 0 0 0 0 1 1 0 1 1 0 2 1 0 0 0]
09-21:22:54:39
pretag:[2, 1, 1, 1, 1, 1, 2, 3, 1, 2, 1, 2, 1, 1, 1, 1, 1, 1, 3, 3]
y_pred: [1 0 0 0 0 0 1 2 0 1 0 1 0 0 0 0 0 0 2 2]
inputtag:[2, 1, 1, 1, 1, 1, 2, 3, 1, 2, 1, 2, 1, 1, 1, 1, 1, 1, 3, 3]
y_input: [1 0 0 0 0 0 1 2 0 1 0 1 0 0 0 0 0 0 2 2]
09-21:22:58:30
pretag:[2, 1, 3, 1, 3, 1, 2, 2, 1, 2, 2, 3, 3, 1, 2, 1, 1, 2, 3, 2]
y_pred: [1 0 2 0 2 0 1 1 0 1 1 2 2 0 1 0 0 1 2 1]
inputtag:[2, 1, 3, 1, 3, 1, 2, 2, 1, 2, 2, 3, 3, 1, 2, 1, 1, 2, 3, 2]
y_input: [1 0 2 0 2 0 1 1 0 1 1 2 2 0 1 0 0 1 2 1]
09-21:23:02:22
pretag:[1, 2, 1, 2, 1, 2, 2, 1, 1, 1, 1, 1, 1, 1, 1, 1, 1, 2, 1, 3]
y_pred: [0 1 0 1 0 1 1 0 0 0 0 0 0 0 0 0 0 1 0 2]
inputtag:[1, 2, 1, 2, 1, 2, 2, 1, 1, 1, 1, 1, 1, 1, 1, 1, 1, 2, 1, 3]
y_input: [0 1 0 1 0 1 1 0 0 0 0 0 0 0 0 0 0 1 0 2]
09-21:23:06:13
pretag:[3, 1, 1, 2, 3, 2, 3, 2, 1, 2, 2, 1, 2, 1, 1, 1, 1, 3, 1, 2]
y_pred: [2 0 0 1 2 1 2 1 0 1 1 0 1 0 0 0 0 2 0 1]
inputtag:[3, 1, 1, 2, 3, 2, 3, 2, 1, 2, 2, 1, 2, 1, 1, 1, 1, 3, 1, 2]
y_input: [2 0 0 1 2 1 2 1 0 1 1 0 1 0 0 0 0 2 0 1]
09-21:23:10:05
pretag:[1, 1, 2, 3, 1, 2, 1, 3, 2, 1, 2, 3, 1, 1, 2, 1, 1, 2, 2, 2]
y_pred: [0 0 1 2 0 1 0 2 1 0 1 2 0 0 1 0 0 1 1 1]
inputtag:[1, 1, 2, 3, 1, 2, 1, 3, 2, 1, 2, 3, 1, 1, 2, 1, 1, 2, 2, 2]
y_input: [0 0 1 2 0 1 0 2 1 0 1 2 0 0 1 0 0 1 1 1]
09-21:23:13:58
pretag:[1, 2, 2, 3, 1, 1, 2, 1, 1, 1, 1, 2, 3, 1, 2, 3, 1, 2, 2, 2]
y_pred: [0 1 1 2 0 0 1 0 0 0 0 1 2 0 1 2 0 1 1 1]
inputtag:[1, 2, 2, 3, 1, 1, 2, 1, 1, 1, 1, 2, 3, 1, 2, 3, 1, 2, 2, 2]
y_input: [0 1 1 2 0 0 1 0 0 0 0 1 2 0 1 2 0 1 1 1]
09-21:23:17:48
pretag:[1, 1, 1, 3, 1, 3, 2, 3, 2, 3, 1, 1, 2, 1, 1, 2, 2, 1, 1, 1]
y_pred: [0 0 0 2 0 2 1 2 1 2 0 0 1 0 0 1 1 0 0 0]
inputtag:[1, 1, 1, 3, 1, 3, 2, 3, 2, 3, 1, 1, 2, 1, 1, 2, 2, 1, 1, 1]
y_input: [0 0 0 2 0 2 1 2 1 2 0 0 1 0 0 1 1 0 0 0]
09-21:23:21:40
pretag:[2, 1, 3, 2, 2, 2, 1, 1, 2, 2, 2, 1, 3, 1, 3, 2, 2, 1, 3, 2]
y_pred: [1 0 2 1 1 1 0 0 1 1 1 0 2 0 2 1 1 0 2 1]
inputtag:[2, 1, 3, 2, 2, 2, 1, 1, 2, 2, 2, 1, 3, 1, 3, 2, 2, 1, 3, 2]
y_input: [1 0 2 1 1 1 0 0 1 1 1 0 2 0 2 1 1 0 2 1]
09-21:23:25:30
pretag:[2, 1, 2, 2, 1, 2, 1, 2, 1, 1, 1, 3, 2, 2, 2, 1, 2, 3, 1, 1]
y_pred: [1 0 1 1 0 1 0 1 0 0 0 2 1 1 1 0 1 2 0 0]
inputtag:[2, 1, 2, 2, 1, 2, 1, 2, 1, 1, 1, 3, 2, 2, 2, 1, 2, 3, 1, 1]
y_input: [1 0 1 1 0 1 0 1 0 0 0 2 1 1 1 0 1 2 0 0]
09-21:23:30:34
pretag:[3, 2, 1, 2, 1, 2, 1, 1, 1, 1, 2, 1, 1, 3, 1, 2, 2, 1, 1, 1]
y_pred: [2 1 0 1 0 1 0 0 0 0 1 0 0 2 0 1 1 0 0 0]
inputtag:[3, 2, 1, 2, 1, 2, 1, 1, 1, 1, 2, 1, 1, 3, 1, 2, 2, 1, 1, 1]
y_input: [2 1 0 1 0 1 0 0 0 0 1 0 0 2 0 1 1 0 0 0]
09-21:23:34:26
pretag:[1, 2, 1, 1, 2, 1, 2, 1, 2, 1, 2, 3, 1, 1, 1, 2, 2, 2, 1, 2]
y_pred: [0 1 0 0 1 0 1 0 1 0 1 2 0 0 0 1 1 1 0 1]
inputtag:[1, 2, 1, 1, 2, 1, 2, 1, 2, 1, 2, 3, 1, 1, 1, 2, 2, 2, 1, 3]
y_input: [0 1 0 0 1 0 1 0 1 0 1 2 0 0 0 1 1 1 0 2]
09-21:23:38:17
pretag:[2, 2, 2, 3, 2, 1, 1, 2, 3, 1, 1, 1, 3, 2, 1, 1, 3, 1, 1, 1]
y_pred: [1 1 1 2 1 0 0 1 2 0 0 0 2 1 0 0 2 0 0 0]
inputtag:[2, 2, 2, 3, 2, 1, 1, 2, 3, 1, 1, 1, 3, 2, 1, 1, 3, 1, 1, 1]
y_input: [1 1 1 2 1 0 0 1 2 0 0 0 2 1 0 0 2 0 0 0]
09-21:23:42:08
pretag:[3, 3, 3, 3, 3, 2, 2, 1, 1, 3, 1, 2, 1, 1, 1, 1, 2, 1, 1, 1]
y_pred: [2 2 2 2 2 1 1 0 0 2 0 1 0 0 0 0 1 0 0 0]
inputtag:[3, 3, 3, 3, 3, 2, 2, 1, 1, 3, 1, 2, 1, 1, 1, 1, 2, 1, 1, 1]
y_input: [2 2 2 2 2 1 1 0 0 2 0 1 0 0 0 0 1 0 0 0]
09-21:23:45:59
pretag:[1, 1, 1, 1, 1, 2, 2, 1, 1, 1, 1, 2, 2, 1, 2, 1, 1, 2, 3, 1]
y_pred: [0 0 0 0 0 1 1 0 0 0 0 1 1 0 1 0 0 1 2 0]
inputtag:[1, 1, 1, 1, 1, 2, 2, 1, 1, 1, 1, 2, 2, 1, 2, 1, 1, 2, 3, 1]
y_input: [0 0 0 0 0 1 1 0 0 0 0 1 1 0 1 0 0 1 2 0]
09-21:23:49:50
pretag:[1, 1, 3, 1, 1, 1, 2, 2, 2, 1, 1, 1, 2, 3, 1, 1, 1, 1, 2, 1]
y_pred: [0 0 2 0 0 0 1 1 1 0 0 0 1 2 0 0 0 0 1 0]
inputtag:[1, 1, 3, 1, 1, 1, 2, 2, 2, 1, 1, 1, 2, 3, 1, 1, 1, 1, 2, 1]
y_input: [0 0 2 0 0 0 1 1 1 0 0 0 1 2 0 0 0 0 1 0]
09-21:23:53:41
pretag:[1, 1, 3, 2, 2, 1, 2, 2, 2, 2, 3, 2, 3, 1, 1, 2, 2, 3, 2, 1]
y_pred: [0 0 2 1 1 0 1 1 1 1 2 1 2 0 0 1 1 2 1 0]
inputtag:[1, 1, 3, 2, 2, 3, 2, 2, 2, 2, 3, 2, 3, 1, 1, 2, 2, 3, 2, 1]
y_input: [0 0 2 1 1 2 1 1 1 1 2 1 2 0 0 1 1 2 1 0]
09-21:23:57:33
pretag:[1, 1, 2, 1, 2, 1, 2, 3, 2, 3, 1, 2, 1, 3, 1, 1, 1, 1, 1, 3]
y_pred: [0 0 1 0 1 0 1 2 1 2 0 1 0 2 0 0 0 0 0 2]
inputtag:[1, 1, 2, 1, 2, 1, 2, 3, 2, 3, 1, 2, 1, 3, 1, 1, 1, 1, 1, 3]
y_input: [0 0 1 0 1 0 1 2 1 2 0 1 0 2 0 0 0 0 0 2]
09-22:00:01:24
pretag:[1, 1, 1, 1, 1, 2, 1, 1, 3, 2, 1, 1, 3, 1, 1, 1, 1, 1, 2, 1]
y_pred: [0 0 0 0 0 1 0 0 2 1 0 0 2 0 0 0 0 0 1 0]
inputtag:[1, 1, 1, 1, 1, 2, 1, 1, 3, 2, 1, 1, 3, 1, 1, 1, 1, 1, 2, 1]
y_input: [0 0 0 0 0 1 0 0 2 1 0 0 2 0 0 0 0 0 1 0]
09-22:00:05:15
pretag:[1, 1, 2, 2, 1, 2, 2, 1, 2, 2, 1, 1, 3, 3, 2, 1, 1, 1, 1, 3]
y_pred: [0 0 1 1 0 1 1 0 1 1 0 0 2 2 1 0 0 0 0 2]
inputtag:[1, 1, 2, 2, 1, 2, 2, 1, 2, 2, 1, 1, 3, 3, 2, 1, 1, 1, 1, 3]
y_input: [0 0 1 1 0 1 1 0 1 1 0 0 2 2 1 0 0 0 0 2]